  pch.cpp
  CDatabase.cpp
D:\ATM\POO_project\work\LoginManager_Library\iDatabase.h(25,2): warning C4091: 'typedef ': ignored on left of 'DB_loginData' when no variable is declared
D:\ATM\POO_project\work\Log_Library\ILog.h(25): warning C4091: '__declspec(dllimport)': ignored on left of 'ILog::Levels' when no variable is declared
D:\ATM\POO_project\work\Log_Library\ILog.h(33,2): warning C4091: '__declspec(dllimport)': ignored on left of 'ILog' when no variable is declared
D:\ATM\POO_project\work\Log_Library\ILog.h(39,2): warning C4091: '__declspec(dllimport)': ignored on left of 'Log_Factory' when no variable is declared
  CLoginManager.cpp
D:\ATM\POO_project\work\LoginManager_Library\iLoginManager.h(25,2): warning C4091: '__declspec(dllimport)': ignored on left of 'iLoginManager' when no variable is declared
D:\ATM\POO_project\work\LoginManager_Library\iLoginManager.h(31,2): warning C4091: '__declspec(dllimport)': ignored on left of 'Factory_LoginManager' when no variable is declared
D:\ATM\POO_project\work\LoginManager_Library\iDatabase.h(25,2): warning C4091: 'typedef ': ignored on left of 'DB_loginData' when no variable is declared
D:\ATM\POO_project\work\Log_Library\ILog.h(25): warning C4091: '__declspec(dllimport)': ignored on left of 'ILog::Levels' when no variable is declared
D:\ATM\POO_project\work\Log_Library\ILog.h(33,2): warning C4091: '__declspec(dllimport)': ignored on left of 'ILog' when no variable is declared
D:\ATM\POO_project\work\Log_Library\ILog.h(39,2): warning C4091: '__declspec(dllimport)': ignored on left of 'Log_Factory' when no variable is declared
D:\ATM\POO_project\work\LoginManager_Library\CLoginManager.cpp(73,21): warning C4805: '==': unsafe mix of type 'int' and type 'bool' in operation
  dllmain.cpp
  Factory_Database.cpp
D:\ATM\POO_project\work\LoginManager_Library\iDatabase.h(25,2): warning C4091: 'typedef ': ignored on left of 'DB_loginData' when no variable is declared
  Factory_LoginManager.cpp
D:\ATM\POO_project\work\LoginManager_Library\iLoginManager.h(25,2): warning C4091: '__declspec(dllimport)': ignored on left of 'iLoginManager' when no variable is declared
D:\ATM\POO_project\work\LoginManager_Library\iLoginManager.h(31,2): warning C4091: '__declspec(dllimport)': ignored on left of 'Factory_LoginManager' when no variable is declared
D:\ATM\POO_project\work\LoginManager_Library\Factory_LoginManager.cpp(7,158): warning C4273: 'Factory_LoginManager::Create_LoginManager': inconsistent dll linkage
D:\ATM\POO_project\work\LoginManager_Library\iLoginManager.h(30,65): message : see previous definition of 'Create_LoginManager'
  Source.cpp
D:\ATM\POO_project\work\LoginManager_Library\iLoginManager.h(25,2): warning C4091: '__declspec(dllimport)': ignored on left of 'iLoginManager' when no variable is declared
D:\ATM\POO_project\work\LoginManager_Library\iLoginManager.h(31,2): warning C4091: '__declspec(dllimport)': ignored on left of 'Factory_LoginManager' when no variable is declared
  Generating Code...
     Creating library D:\ATM\POO_project\work\LoginManager_Library\Debug\LoginManager_Library.lib and object D:\ATM\POO_project\work\LoginManager_Library\Debug\LoginManager_Library.exp
LINK : warning LNK4217: symbol '?Create_LoginManager@Factory_LoginManager@@SA?AV?$unique_ptr@ViLoginManager@@U?$default_delete@ViLoginManager@@@std@@@std@@V?$basic_string@DU?$char_traits@D@std@@V?$allocator@D@2@@3@000@Z (public: static class std::unique_ptr<class iLoginManager,struct std::default_delete<class iLoginManager> > __cdecl Factory_LoginManager::Create_LoginManager(class std::basic_string<char,struct std::char_traits<char>,class std::allocator<char> >,class std::basic_string<char,struct std::char_traits<char>,class std::allocator<char> >,class std::basic_string<char,struct std::char_traits<char>,class std::allocator<char> >,class std::basic_string<char,struct std::char_traits<char>,class std::allocator<char> >))' defined in 'Factory_LoginManager.obj' is imported by 'Source.obj' in function '_main'
  LoginManager_Library.vcxproj -> D:\ATM\POO_project\work\LoginManager_Library\Debug\LoginManager_Library.dll
